

*******************************************************************************
Tue Jan  3 23:13:29 2017


FIT:    data read from "data_to_fit.txt" using 1:2
        format = x:z
        #datapoints = 66
        residuals are weighted equally (unit weight)

function used for fitting: f(x)
	f(x) = a*x + b
fitted parameters initialized with current variable values

iter      chisq       delta/lim  lambda   a             b            
   0 6.6471146786e+01   0.00e+00  7.07e-01    1.000000e+00   1.000000e+00
   6 1.2331949161e-08  -3.53e-07  7.07e-07    2.800060e-01  -4.832057e-04

After 6 iterations the fit converged.
final sum of squares of residuals : 1.23319e-08
rel. change during last iteration : -3.52539e-12

degrees of freedom    (FIT_NDF)                        : 64
rms of residuals      (FIT_STDFIT) = sqrt(WSSR/ndf)    : 1.38812e-05
variance of residuals (reduced chisquare) = WSSR/ndf   : 1.92687e-10

Final set of parameters            Asymptotic Standard Error
=======================            ==========================
a               = 0.280006         +/- 0.001103     (0.3941%)
b               = -0.000483206     +/- 5.019e-06    (1.039%)

correlation matrix of the fit parameters:
                a      b      
a               1.000 
b              -0.940  1.000 
