

*******************************************************************************
Tue Jan 24 18:42:31 2017


FIT:    data read from "temp_5.txt" using 1:3
        format = x:z
        #datapoints = 786
        residuals are weighted equally (unit weight)

function used for fitting: f(x)
	f(x) = a*x**3 + b*x**2 + c*x + d
fitted parameters initialized with current variable values

iter      chisq       delta/lim  lambda   a             b             c             d            
   0 8.1295672834e+02   0.00e+00  5.00e-01    1.000000e+00   1.000000e+00   1.000000e+00   1.000000e+00
   7 1.5076239308e-04  -3.92e-01  5.00e-08   -4.342156e+01   1.743076e+01  -3.003525e-01   8.298757e-04

After 7 iterations the fit converged.
final sum of squares of residuals : 0.000150762
rel. change during last iteration : -3.92288e-06

degrees of freedom    (FIT_NDF)                        : 782
rms of residuals      (FIT_STDFIT) = sqrt(WSSR/ndf)    : 0.000439079
variance of residuals (reduced chisquare) = WSSR/ndf   : 1.92791e-07

Final set of parameters            Asymptotic Standard Error
=======================            ==========================
a               = -43.4216         +/- 13.66        (31.45%)
b               = 17.4308          +/- 0.8182       (4.694%)
c               = -0.300352        +/- 0.01388      (4.62%)
d               = 0.000829876      +/- 6.32e-05     (7.616%)

correlation matrix of the fit parameters:
                a      b      c      d      
a               1.000 
b              -0.986  1.000 
c               0.917 -0.968  1.000 
d              -0.665  0.748 -0.868  1.000 


*******************************************************************************
Tue Jan 24 18:44:05 2017


FIT:    data read from "temp_5.txt" using 1:3
        format = x:z
        #datapoints = 786
        residuals are weighted equally (unit weight)

function used for fitting: f(x)
	f(x) = a*x**4 + b*x**3 + c*x**2 + d*x + e
fitted parameters initialized with current variable values

iter      chisq       delta/lim  lambda   a             b             c             d             e            
   0 7.8106844916e+02   0.00e+00  4.47e-01   -4.342156e+01   1.743076e+01  -3.003525e-01   8.298757e-04   1.000000e+00
   8 3.5175076876e-05  -2.47e-02  4.47e-09   -3.377140e+04   2.616346e+03  -4.994855e+01   2.907452e-01  -3.453393e-04

After 8 iterations the fit converged.
final sum of squares of residuals : 3.51751e-05
rel. change during last iteration : -2.4738e-07

degrees of freedom    (FIT_NDF)                        : 781
rms of residuals      (FIT_STDFIT) = sqrt(WSSR/ndf)    : 0.000212223
variance of residuals (reduced chisquare) = WSSR/ndf   : 4.50385e-08

Final set of parameters            Asymptotic Standard Error
=======================            ==========================
a               = -33771.4         +/- 666.6        (1.974%)
b               = 2616.35          +/- 52.92        (2.023%)
c               = -49.9485         +/- 1.388        (2.778%)
d               = 0.290745         +/- 0.01346      (4.629%)
e               = -0.000345339     +/- 3.836e-05    (11.11%)

correlation matrix of the fit parameters:
                a      b      c      d      e      
a               1.000 
b              -0.992  1.000 
c               0.959 -0.986  1.000 
d              -0.867  0.917 -0.969  1.000 
e               0.605 -0.666  0.750 -0.869  1.000 
