

*******************************************************************************
Tue Jan  3 23:06:18 2017


FIT:    data read from "temp_50.txt" using 1:3
        format = x:z
        #datapoints = 250
        residuals are weighted equally (unit weight)

function used for fitting: f(x)
	f(x) = a*x + b
fitted parameters initialized with current variable values

iter      chisq       delta/lim  lambda   a             b            
   0 2.5378738299e+02   0.00e+00  7.07e-01    1.000000e+00   1.000000e+00
   5 3.6896852030e-06  -2.25e-06  7.07e-06    2.259796e-01  -1.643330e-04

After 5 iterations the fit converged.
final sum of squares of residuals : 3.68969e-06
rel. change during last iteration : -2.24646e-11

degrees of freedom    (FIT_NDF)                        : 248
rms of residuals      (FIT_STDFIT) = sqrt(WSSR/ndf)    : 0.000121974
variance of residuals (reduced chisquare) = WSSR/ndf   : 1.48778e-08

Final set of parameters            Asymptotic Standard Error
=======================            ==========================
a               = 0.22598          +/- 0.001332     (0.5896%)
b               = -0.000164333     +/- 1.485e-05    (9.037%)

correlation matrix of the fit parameters:
                a      b      
a               1.000 
b              -0.854  1.000 


*******************************************************************************
Tue Jan  3 23:06:48 2017


FIT:    data read from "temp_50.txt" using 1:3
        format = x:z
        #datapoints = 250
        residuals are weighted equally (unit weight)

function used for fitting: f(x)
	f(x) = a*x + b
fitted parameters initialized with current variable values

iter      chisq       delta/lim  lambda   a             b            
   0 3.6896852030e-06   0.00e+00  1.78e-03    2.259796e-01  -1.643330e-04
   1 3.6896852030e-06   0.00e+00  1.78e-01    2.259796e-01  -1.643330e-04

After 1 iterations the fit converged.
final sum of squares of residuals : 3.68969e-06
rel. change during last iteration : 0

degrees of freedom    (FIT_NDF)                        : 248
rms of residuals      (FIT_STDFIT) = sqrt(WSSR/ndf)    : 0.000121974
variance of residuals (reduced chisquare) = WSSR/ndf   : 1.48778e-08

Final set of parameters            Asymptotic Standard Error
=======================            ==========================
a               = 0.22598          +/- 0.001332     (0.5896%)
b               = -0.000164333     +/- 1.485e-05    (9.037%)

correlation matrix of the fit parameters:
                a      b      
a               1.000 
b              -0.854  1.000 


*******************************************************************************
Sat Jan  7 23:04:19 2017


FIT:    data read from "temp_10.txt" using 1:3
        format = x:z
        #datapoints = 250
        residuals are weighted equally (unit weight)

function used for fitting: f(x)
	f(x) = a*x*x + b*x + c
fitted parameters initialized with current variable values

iter      chisq       delta/lim  lambda   a             b             c            
   0 2.5363159253e+02   0.00e+00  5.77e-01    1.000000e+00   1.000000e+00   1.000000e+00
   7 2.4870434277e-06  -8.04e-08  5.77e-08   -1.289254e+00   3.078553e-01  -3.416063e-04

After 7 iterations the fit converged.
final sum of squares of residuals : 2.48704e-06
rel. change during last iteration : -8.04105e-13

degrees of freedom    (FIT_NDF)                        : 247
rms of residuals      (FIT_STDFIT) = sqrt(WSSR/ndf)    : 0.000100344
variance of residuals (reduced chisquare) = WSSR/ndf   : 1.0069e-08

Final set of parameters            Asymptotic Standard Error
=======================            ==========================
a               = -1.28925         +/- 0.2127       (16.5%)
b               = 0.307855         +/- 0.004212     (1.368%)
c               = -0.000341606     +/- 1.735e-05    (5.079%)

correlation matrix of the fit parameters:
                a      b      c      
a               1.000 
b              -0.966  1.000 
c               0.709 -0.842  1.000 


*******************************************************************************
Sat Jan  7 23:06:57 2017


FIT:    data read from "temp_10.txt" using 1:3
        format = x:z
        x range restricted to [0.00220000 : *]
        #datapoints = 215
        residuals are weighted equally (unit weight)

function used for fitting: f(x)
	f(x) = a*x*x + b*x + c
fitted parameters initialized with current variable values

iter      chisq       delta/lim  lambda   a             b             c            
   0 1.0414652110e-06   0.00e+00  2.15e-03   -1.289254e+00   3.078553e-01  -3.416063e-04
   4 6.9280638047e-08  -5.02e-01  2.15e-07   -3.964489e+00   3.720709e-01  -6.693366e-04

After 4 iterations the fit converged.
final sum of squares of residuals : 6.92806e-08
rel. change during last iteration : -5.01566e-06

degrees of freedom    (FIT_NDF)                        : 212
rms of residuals      (FIT_STDFIT) = sqrt(WSSR/ndf)    : 1.80775e-05
variance of residuals (reduced chisquare) = WSSR/ndf   : 3.26795e-10

Final set of parameters            Asymptotic Standard Error
=======================            ==========================
a               = -3.96449         +/- 0.05519      (1.392%)
b               = 0.372071         +/- 0.001232     (0.3312%)
c               = -0.000669337     +/- 6.014e-06    (0.8985%)

correlation matrix of the fit parameters:
                a      b      c      
a               1.000 
b              -0.980  1.000 
c               0.870 -0.942  1.000 


*******************************************************************************
Wed Jan 11 18:10:54 2017


FIT:    data read from "temp_90.txt" using ($1)*1000:($3)*1000
        format = x:z
        x range restricted to [3.20000 : *]
        #datapoints = 204
        residuals are weighted equally (unit weight)

function used for fitting: f(x)
	f(x) = a*x**2 + b*x + c
fitted parameters initialized with current variable values

iter      chisq       delta/lim  lambda   a             b             c            
   0 8.0468091098e+06   0.00e+00  1.08e+02    1.000000e+00   1.000000e+00   1.000000e+00
   6 6.8198537790e-02  -1.73e-09  1.08e-04   -8.296462e-03   3.165241e-01  -8.769633e-01

After 6 iterations the fit converged.
final sum of squares of residuals : 0.0681985
rel. change during last iteration : -1.72967e-14

degrees of freedom    (FIT_NDF)                        : 201
rms of residuals      (FIT_STDFIT) = sqrt(WSSR/ndf)    : 0.01842
variance of residuals (reduced chisquare) = WSSR/ndf   : 0.000339296

Final set of parameters            Asymptotic Standard Error
=======================            ==========================
a               = -0.00829646      +/- 6.419e-05    (0.7737%)
b               = 0.316524         +/- 0.001487     (0.4697%)
c               = -0.876963        +/- 0.007657     (0.8731%)

correlation matrix of the fit parameters:
                a      b      c      
a               1.000 
b              -0.983  1.000 
c               0.899 -0.958  1.000 


*******************************************************************************
Wed Jan 11 18:12:48 2017


FIT:    data read from "temp_90.txt" using ($1)*1000:($3)*1000
        format = x:z
        x range restricted to [3.20000 : *]
        #datapoints = 204
        residuals are weighted equally (unit weight)

function used for fitting: g(x)
	g(x) = a*x**3 + b*x**2 + c*x + d
fitted parameters initialized with current variable values

iter      chisq       delta/lim  lambda   a             b             c             d            
   0 1.0627062654e+05   0.00e+00  3.28e+01   -8.296462e-03   3.165241e-01  -8.769633e-01   1.000000e+00
   5 1.1151677921e-02  -4.13e-01  3.28e-04   -2.010772e-04  -1.438624e-03   2.466883e-01  -6.738277e-01

After 5 iterations the fit converged.
final sum of squares of residuals : 0.0111517
rel. change during last iteration : -4.12627e-06

degrees of freedom    (FIT_NDF)                        : 200
rms of residuals      (FIT_STDFIT) = sqrt(WSSR/ndf)    : 0.00746715
variance of residuals (reduced chisquare) = WSSR/ndf   : 5.57584e-05

Final set of parameters            Asymptotic Standard Error
=======================            ==========================
a               = -0.000201077     +/- 6.286e-06    (3.126%)
b               = -0.00143862      +/- 0.000216     (15.01%)
c               = 0.246688         +/- 0.002265     (0.9182%)
d               = -0.673828        +/- 0.007069     (1.049%)

correlation matrix of the fit parameters:
                a      b      c      d      
a               1.000 
b              -0.993  1.000 
c               0.964 -0.988  1.000 
d              -0.898  0.939 -0.978  1.000 
