

*******************************************************************************
Wed Jan  4 16:44:26 2017


FIT:    data read from "data_635nm_20.txt" using 1:2
        format = x:z
        #datapoints = 800
        residuals are weighted equally (unit weight)

function used for fitting: f(x)
	f(x) = a*x + b
BREAK: Need via and either parameter list or file

*******************************************************************************
Wed Jan  4 16:44:31 2017


FIT:    data read from "data_635nm_20.txt" using 1:2
        format = x:z
        #datapoints = 800
        residuals are weighted equally (unit weight)

function used for fitting: f(x)
	f(x) = a*x + b
fitted parameters initialized with current variable values

iter      chisq       delta/lim  lambda   a             b            
   0 8.9650016980e+02   0.00e+00  7.07e-01    1.000000e+00   1.000000e+00
   4 9.0375430640e+01  -9.34e-06  7.07e-05    1.722592e+01   1.673472e+00

After 4 iterations the fit converged.
final sum of squares of residuals : 90.3754
rel. change during last iteration : -9.34347e-11

degrees of freedom    (FIT_NDF)                        : 798
rms of residuals      (FIT_STDFIT) = sqrt(WSSR/ndf)    : 0.33653
variance of residuals (reduced chisquare) = WSSR/ndf   : 0.113252

Final set of parameters            Asymptotic Standard Error
=======================            ==========================
a               = 17.2259          +/- 1.031        (5.986%)
b               = 1.67347          +/- 0.02316      (1.384%)

correlation matrix of the fit parameters:
                a      b      
a               1.000 
b              -0.858  1.000 


*******************************************************************************
Wed Jan  4 16:44:44 2017


FIT:    data read from "data_635nm_20.txt" using 1:2
        format = x:z
        #datapoints = 800
        residuals are weighted equally (unit weight)

function used for fitting: f(x)
	f(x) = a*x + b
fitted parameters initialized with current variable values

iter      chisq       delta/lim  lambda   a             b            
   0 9.0375430640e+01   0.00e+00  1.21e+00    1.722592e+01   1.673472e+00
   1 9.0375430640e+01   0.00e+00  1.21e-01    1.722592e+01   1.673472e+00

After 1 iterations the fit converged.
final sum of squares of residuals : 90.3754
rel. change during last iteration : 0

degrees of freedom    (FIT_NDF)                        : 798
rms of residuals      (FIT_STDFIT) = sqrt(WSSR/ndf)    : 0.33653
variance of residuals (reduced chisquare) = WSSR/ndf   : 0.113252

Final set of parameters            Asymptotic Standard Error
=======================            ==========================
a               = 17.2259          +/- 1.031        (5.986%)
b               = 1.67347          +/- 0.02316      (1.384%)

correlation matrix of the fit parameters:
                a      b      
a               1.000 
b              -0.858  1.000 


*******************************************************************************
Wed Jan  4 16:45:12 2017


FIT:    data read from "data_635nm_20.txt" using 1:2
        format = x:z
        #datapoints = 800
        residuals are weighted equally (unit weight)

function used for fitting: f(x) [0.005:]
	f(x) = a*x + b
fitted parameters initialized with current variable values



*******************************************************************************
Wed Jan  4 16:45:25 2017


FIT:    data read from "data_635nm_20.txt" using 1:2
        format = x:z
        #datapoints = 800
        residuals are weighted equally (unit weight)

function used for fitting: f(x) [0.005:0.025]
	f(x) = a*x + b
fitted parameters initialized with current variable values



*******************************************************************************
Wed Jan  4 16:46:05 2017


FIT:    data read from "data_635nm_20.txt" using 1:2
        format = x:z
        #datapoints = 800
        residuals are weighted equally (unit weight)

function used for fitting: f(x)
	f(x) = a*x + b
fitted parameters initialized with current variable values

iter      chisq       delta/lim  lambda   a             b            
   0 9.0375430640e+01   0.00e+00  1.21e+00    1.722592e+01   1.673472e+00
   1 9.0375430640e+01   0.00e+00  1.21e+00    1.722592e+01   1.673472e+00

After 1 iterations the fit converged.
final sum of squares of residuals : 90.3754
rel. change during last iteration : 0

degrees of freedom    (FIT_NDF)                        : 798
rms of residuals      (FIT_STDFIT) = sqrt(WSSR/ndf)    : 0.33653
variance of residuals (reduced chisquare) = WSSR/ndf   : 0.113252

Final set of parameters            Asymptotic Standard Error
=======================            ==========================
a               = 17.2259          +/- 1.031        (5.986%)
b               = 1.67347          +/- 0.02316      (1.384%)

correlation matrix of the fit parameters:
                a      b      
a               1.000 
b              -0.858  1.000 


*******************************************************************************
Wed Jan  4 16:46:21 2017


FIT:    data read from "data_635nm_20.txt" using 1:2
        format = x:z
        x range restricted to [0.00500000 : *]
        #datapoints = 688
        residuals are weighted equally (unit weight)

function used for fitting: f(x)
	f(x) = a*x + b
fitted parameters initialized with current variable values

iter      chisq       delta/lim  lambda   a             b            
   0 8.8410691809e+00   0.00e+00  1.22e+00    1.722592e+01   1.673472e+00
   3 3.5784117950e-02  -6.72e-02  1.22e-03    6.710275e+00   1.949228e+00

After 3 iterations the fit converged.
final sum of squares of residuals : 0.0357841
rel. change during last iteration : -6.71798e-07

degrees of freedom    (FIT_NDF)                        : 686
rms of residuals      (FIT_STDFIT) = sqrt(WSSR/ndf)    : 0.00722243
variance of residuals (reduced chisquare) = WSSR/ndf   : 5.21634e-05

Final set of parameters            Asymptotic Standard Error
=======================            ==========================
a               = 6.71028          +/- 0.02774      (0.4135%)
b               = 1.94923          +/- 0.0006714    (0.03444%)

correlation matrix of the fit parameters:
                a      b      
a               1.000 
b              -0.912  1.000 


*******************************************************************************
Wed Jan  4 16:48:01 2017


FIT:    data read from "data_635nm_20.txt" using 1:2
        format = x:z
        x range restricted to [0.00500000 : *]
        #datapoints = 688
        residuals are weighted equally (unit weight)

function used for fitting: f(x)
	f(x) = a*x + b
fitted parameters initialized with current variable values

iter      chisq       delta/lim  lambda   a             b            
   0 3.5784117950e-02   0.00e+00  1.38e+00    6.710275e+00   1.949228e+00
   1 3.5784117950e-02  -1.36e-10  1.38e+02    6.710275e+00   1.949228e+00

After 1 iterations the fit converged.
final sum of squares of residuals : 0.0357841
rel. change during last iteration : -1.35737e-15

degrees of freedom    (FIT_NDF)                        : 686
rms of residuals      (FIT_STDFIT) = sqrt(WSSR/ndf)    : 0.00722243
variance of residuals (reduced chisquare) = WSSR/ndf   : 5.21634e-05

Final set of parameters            Asymptotic Standard Error
=======================            ==========================
a               = 6.71028          +/- 0.02774      (0.4135%)
b               = 1.94923          +/- 0.0006714    (0.03444%)

correlation matrix of the fit parameters:
                a      b      
a               1.000 
b              -0.912  1.000 


*******************************************************************************
Wed Jan  4 16:53:33 2017


FIT:    data read from "data_635nm_20.txt" using 1:2
        format = x:z
        x range restricted to [0.00500000 : *]
        #datapoints = 688
        residuals are weighted equally (unit weight)

function used for fitting: f(x)
	f(x) = a*x + b
fitted parameters initialized with current variable values

iter      chisq       delta/lim  lambda   a             b            
   0 3.5784117950e-02   0.00e+00  1.38e+00    6.710275e+00   1.949228e+00
   1 3.5784117950e-02   0.00e+00  1.38e+03    6.710275e+00   1.949228e+00

After 1 iterations the fit converged.
final sum of squares of residuals : 0.0357841
rel. change during last iteration : 0

degrees of freedom    (FIT_NDF)                        : 686
rms of residuals      (FIT_STDFIT) = sqrt(WSSR/ndf)    : 0.00722243
variance of residuals (reduced chisquare) = WSSR/ndf   : 5.21634e-05

Final set of parameters            Asymptotic Standard Error
=======================            ==========================
a               = 6.71028          +/- 0.02774      (0.4135%)
b               = 1.94923          +/- 0.0006714    (0.03444%)

correlation matrix of the fit parameters:
                a      b      
a               1.000 
b              -0.912  1.000 


*******************************************************************************
Mon Jan  9 17:07:44 2017


FIT:    data read from 'data.txt' u 1:(log($2))
        format = x:z
        #datapoints = 5
        residuals are weighted equally (unit weight)

function used for fitting: f(x)
	f(x) = a*x +b
fitted parameters initialized with current variable values

iter      chisq       delta/lim  lambda   a             b            
   0 4.5223128088e+05   0.00e+00  2.14e+02    1.000000e+00   1.000000e+00
   8 1.4614596523e-04  -6.99e-09  2.14e-05    2.313843e-02  -3.674451e+00

After 8 iterations the fit converged.
final sum of squares of residuals : 0.000146146
rel. change during last iteration : -6.99205e-14

degrees of freedom    (FIT_NDF)                        : 3
rms of residuals      (FIT_STDFIT) = sqrt(WSSR/ndf)    : 0.00697964
variance of residuals (reduced chisquare) = WSSR/ndf   : 4.87153e-05

Final set of parameters            Asymptotic Standard Error
=======================            ==========================
a               = 0.0231384        +/- 0.0004414    (1.908%)
b               = -3.67445         +/- 0.1338       (3.641%)

correlation matrix of the fit parameters:
                a      b      
a               1.000 
b              -1.000  1.000 


*******************************************************************************
Mon Jan  9 17:09:55 2017


FIT:    data read from 'data.txt' u 1:2
        format = x:z
        #datapoints = 5
        residuals are weighted equally (unit weight)

function used for fitting: g(x)
	g(x) = I0*exp(x/x0)
fitted parameters initialized with current variable values

iter      chisq       delta/lim  lambda   I0            x0           
   0 7.3852531887e+271  0.00e+00  7.30e+137   1.000000e+00   1.000000e+00
   1 8.9340979039e+270 -7.27e+05  7.30e+136   9.999874e-01   1.003385e+00

The maximum lambda = 1.000000e+20 was exceeded. Fit stopped.
final sum of squares of residuals : 8.9341e+270
rel. change during last iteration : -7.26637

degrees of freedom    (FIT_NDF)                        : 3
rms of residuals      (FIT_STDFIT) = sqrt(WSSR/ndf)    : 1.7257e+135
variance of residuals (reduced chisquare) = WSSR/ndf   : 2.97803e+270

Final set of parameters            Asymptotic Standard Error
=======================            ==========================
I0              = 0.999987         +/- 6173         (6.173e+05%)
x0              = 1.00339          +/- 23.13        (2305%)

correlation matrix of the fit parameters:
                I0     x0     
I0              1.000 
x0              1.000  1.000 


*******************************************************************************
Mon Jan  9 17:10:47 2017


FIT:    data read from 'data.txt' u 1:2
        format = x:z
        #datapoints = 5
        residuals are weighted equally (unit weight)

function used for fitting: g(x)
	g(x) = I0*exp(x/x0)
fitted parameters initialized with current variable values

iter      chisq       delta/lim  lambda   I0            x0           
   0 1.4999485473e-01   0.00e+00  1.45e+02    2.536333e-02   4.321814e+01
   6 1.4401298871e-01  -1.62e-04  1.45e-04    2.406331e-02   4.289734e+01

After 6 iterations the fit converged.
final sum of squares of residuals : 0.144013
rel. change during last iteration : -1.62188e-09

degrees of freedom    (FIT_NDF)                        : 3
rms of residuals      (FIT_STDFIT) = sqrt(WSSR/ndf)    : 0.219099
variance of residuals (reduced chisquare) = WSSR/ndf   : 0.0480043

Final set of parameters            Asymptotic Standard Error
=======================            ==========================
I0              = 0.0240633        +/- 0.003663     (15.22%)
x0              = 42.8973          +/- 0.9215       (2.148%)

correlation matrix of the fit parameters:
                I0     x0     
I0              1.000 
x0              1.000  1.000 
